#
# A fatal error has been detected by the Java Runtime Environment:
#
#  EXCEPTION_ACCESS_VIOLATION (0xc0000005) at pc=0x0000000067e69b12, pid=4372, tid=0x0000000000004500
#
# JRE version: Java(TM) SE Runtime Environment (8.0_201-b09) (build 1.8.0_201-b09)
# Java VM: Java HotSpot(TM) 64-Bit Server VM (25.201-b09 mixed mode windows-amd64 compressed oops)
# Problematic frame:
# C  [gdx-bullet64.dll+0x1a9b12]
#
# Failed to write core dump. Minidumps are not enabled by default on client versions of Windows
#
# If you would like to submit a bug report, please visit:
#   http://bugreport.java.com/bugreport/crash.jsp
# The crash happened outside the Java Virtual Machine in native code.
# See problematic frame for where to report the bug.
#

---------------  T H R E A D  ---------------

Current thread (0x0000000002ed4800):  JavaThread "main" [_thread_in_native, id=17664, stack(0x0000000002c30000,0x0000000002d30000)]

siginfo: ExceptionCode=0xc0000005, reading address 0x00000000000000c8

Registers:
RAX=0x0000000021857a10, RBX=0x0000000000000000, RCX=0x000000007ffe0380, RDX=0x0000000000000001
RSP=0x0000000002d2c8b0, RBP=0x0000000002d2c960, RSI=0x0000000021914440, RDI=0x00000000000004ae
R8 =0x0000000000000000, R9 =0x0000000000000001, R10=0x0000000000000000, R11=0x0000000002d2c820
R12=0x0000000000000000, R13=0x00000000218c31a0, R14=0x0000000002d2c990, R15=0x0000000002ed4800
RIP=0x0000000067e69b12, EFLAGS=0x0000000000010206

Top of Stack: (sp=0x0000000002d2c8b0)
0x0000000002d2c8b0:   0000000002ed4000 0000000002ed4800
0x0000000002d2c8c0:   00000000218c31a0 0000000021914440
0x0000000002d2c8d0:   00000000218c31a0 0000000002fe8c67
0x0000000002d2c8e0:   00000000000004ae 0000000002fe899d
0x0000000002d2c8f0:   0000000002ed4800 00000000218c31a0
0x0000000002d2c900:   0000000021914440 0000000002ed4800
0x0000000002d2c910:   0000000002d2c9f8 0000000002fe8962
0x0000000002d2c920:   0000000002d2c920 00000000218c31a0
0x0000000002d2c930:   0000000002d2c990 000000001c92aca0
0x0000000002d2c940:   0000000000000000 00000000218c31a0
0x0000000002d2c950:   0000000000000000 0000000002d2c980
0x0000000002d2c960:   0000000002d2c9e0 0000000002fd7e70
0x0000000002d2c970:   000000076fa884c8 0000000002fe21d7
0x0000000002d2c980:   0000000000000000 0000000000000000
0x0000000002d2c990:   0000000000000000 000000076c677d48
0x0000000002d2c9a0:   0000000002d2c9a0 0000000021fc6ae6 

Instructions: (pc=0x0000000067e69b12)
0x0000000067e69af2:   5b c3 66 90 66 2e 0f 1f 84 00 00 00 00 00 53 48
0x0000000067e69b02:   83 ec 20 b9 28 00 00 00 4c 89 c3 e8 ce 47 1a 00
0x0000000067e69b12:   48 8b 93 c8 00 00 00 48 89 58 10 48 83 c3 08 48
0x0000000067e69b22:   c7 00 00 00 00 00 48 89 58 18 c7 40 20 ff ff ff 


Register to memory mapping:

RAX=0x0000000021857a10 is an unknown value
RBX=0x0000000000000000 is an unknown value
RCX=0x000000007ffe0380 is an unknown value
RDX=0x0000000000000001 is an unknown value
RSP=0x0000000002d2c8b0 is pointing into the stack for thread: 0x0000000002ed4800
RBP=0x0000000002d2c960 is pointing into the stack for thread: 0x0000000002ed4800
RSI=0x0000000021914440 is pointing into metadata
RDI=0x00000000000004ae is an unknown value
R8 =0x0000000000000000 is an unknown value
R9 =0x0000000000000001 is an unknown value
R10=0x0000000000000000 is an unknown value
R11=0x0000000002d2c820 is pointing into the stack for thread: 0x0000000002ed4800
R12=0x0000000000000000 is an unknown value
R13={method} {0x00000000218c31a8} 'new_CollisionObjectWrapper__SWIG_11' '(JLcom/badlogic/gdx/physics/bullet/collision/btCollisionObject;)J' in 'com/badlogic/gdx/physics/bullet/collision/CollisionJNI'
R14=0x0000000002d2c990 is pointing into the stack for thread: 0x0000000002ed4800
R15=0x0000000002ed4800 is a thread


Stack: [0x0000000002c30000,0x0000000002d30000],  sp=0x0000000002d2c8b0,  free space=1010k
Native frames: (J=compiled Java code, j=interpreted, Vv=VM code, C=native code)
C  [gdx-bullet64.dll+0x1a9b12]
C  0x0000000002fe8c67

Java frames: (J=compiled Java code, j=interpreted, Vv=VM code)
j  com.badlogic.gdx.physics.bullet.collision.CollisionJNI.new_CollisionObjectWrapper__SWIG_11(JLcom/badlogic/gdx/physics/bullet/collision/btCollisionObject;)J+0
j  com.badlogic.gdx.physics.bullet.collision.CollisionObjectWrapper.<init>(Lcom/badlogic/gdx/physics/bullet/collision/btCollisionObject;)V+6
j  com.sem.pool.scene.CollisionHandler.checkHitBoxCollision(Lcom/sem/pool/scene/HitBox;Lcom/sem/pool/scene/HitBox;)Z+16
j  com.sem.pool.scene.CollisionHandlerTest.testCollision()V+77
v  ~StubRoutines::call_stub
j  sun.reflect.NativeMethodAccessorImpl.invoke0(Ljava/lang/reflect/Method;Ljava/lang/Object;[Ljava/lang/Object;)Ljava/lang/Object;+0
j  sun.reflect.NativeMethodAccessorImpl.invoke(Ljava/lang/Object;[Ljava/lang/Object;)Ljava/lang/Object;+100
j  sun.reflect.DelegatingMethodAccessorImpl.invoke(Ljava/lang/Object;[Ljava/lang/Object;)Ljava/lang/Object;+6
j  java.lang.reflect.Method.invoke(Ljava/lang/Object;[Ljava/lang/Object;)Ljava/lang/Object;+56
j  org.junit.platform.commons.util.ReflectionUtils.invokeMethod(Ljava/lang/reflect/Method;Ljava/lang/Object;[Ljava/lang/Object;)Ljava/lang/Object;+41
j  org.junit.jupiter.engine.execution.MethodInvocation.proceed()Ljava/lang/Object;+16
j  org.junit.jupiter.engine.execution.InvocationInterceptorChain$ValidatingInvocation.proceed()Ljava/lang/Object;+22
j  org.junit.jupiter.engine.extension.TimeoutExtension.intercept(Lorg/junit/jupiter/api/extension/InvocationInterceptor$Invocation;Lorg/junit/jupiter/api/extension/ReflectiveInvocationContext;Lorg/junit/jupiter/api/extension/ExtensionContext;Lorg/junit/jupiter/engine/extension/TimeoutDuration;Lorg/junit/jupiter/engine/extension/TimeoutExtension$TimeoutProvider;)Ljava/lang/Object;+28
j  org.junit.jupiter.engine.extension.TimeoutExtension.interceptTestableMethod(Lorg/junit/jupiter/api/extension/InvocationInterceptor$Invocation;Lorg/junit/jupiter/api/extension/ReflectiveInvocationContext;Lorg/junit/jupiter/api/extension/ExtensionContext;Lorg/junit/jupiter/engine/extension/TimeoutExtension$TimeoutProvider;)Ljava/lang/Object;+31
j  org.junit.jupiter.engine.extension.TimeoutExtension.interceptTestMethod(Lorg/junit/jupiter/api/extension/InvocationInterceptor$Invocation;Lorg/junit/jupiter/api/extension/ReflectiveInvocationContext;Lorg/junit/jupiter/api/extension/ExtensionContext;)V+9
j  org.junit.jupiter.engine.descriptor.TestMethodTestDescriptor$$Lambda$100.apply(Lorg/junit/jupiter/api/extension/InvocationInterceptor;Lorg/junit/jupiter/api/extension/InvocationInterceptor$Invocation;Lorg/junit/jupiter/api/extension/ReflectiveInvocationContext;Lorg/junit/jupiter/api/extension/ExtensionContext;)V+5
j  org.junit.jupiter.engine.execution.ExecutableInvoker$ReflectiveInterceptorCall.lambda$ofVoidMethod$0(Lorg/junit/jupiter/engine/execution/ExecutableInvoker$ReflectiveInterceptorCall$VoidMethodInterceptorCall;Lorg/junit/jupiter/api/extension/InvocationInterceptor;Lorg/junit/jupiter/api/extension/InvocationInterceptor$Invocation;Lorg/junit/jupiter/api/extension/ReflectiveInvocationContext;Lorg/junit/jupiter/api/extension/ExtensionContext;)Ljava/lang/Void;+6
j  org.junit.jupiter.engine.execution.ExecutableInvoker$ReflectiveInterceptorCall$$Lambda$101.apply(Lorg/junit/jupiter/api/extension/InvocationInterceptor;Lorg/junit/jupiter/api/extension/InvocationInterceptor$Invocation;Lorg/junit/jupiter/api/extension/ReflectiveInvocationContext;Lorg/junit/jupiter/api/extension/ExtensionContext;)Ljava/lang/Object;+9
j  org.junit.jupiter.engine.execution.ExecutableInvoker.lambda$invoke$0(Lorg/junit/jupiter/engine/execution/ExecutableInvoker$ReflectiveInterceptorCall;Lorg/junit/jupiter/api/extension/ReflectiveInvocationContext;Lorg/junit/jupiter/api/extension/ExtensionContext;Lorg/junit/jupiter/api/extension/InvocationInterceptor;Lorg/junit/jupiter/api/extension/InvocationInterceptor$Invocation;)Ljava/lang/Object;+6
j  org.junit.jupiter.engine.execution.ExecutableInvoker$$Lambda$228.apply(Lorg/junit/jupiter/api/extension/InvocationInterceptor;Lorg/junit/jupiter/api/extension/InvocationInterceptor$Invocation;)Ljava/lang/Object;+14
j  org.junit.jupiter.engine.execution.InvocationInterceptorChain$InterceptedInvocation.proceed()Ljava/lang/Object;+12
j  org.junit.jupiter.engine.execution.InvocationInterceptorChain.proceed(Lorg/junit/jupiter/api/extension/InvocationInterceptor$Invocation;)Ljava/lang/Object;+1
j  org.junit.jupiter.engine.execution.InvocationInterceptorChain.chainAndInvoke(Lorg/junit/jupiter/api/extension/InvocationInterceptor$Invocation;Lorg/junit/jupiter/engine/execution/InvocationInterceptorChain$InterceptorCall;Ljava/util/List;)Ljava/lang/Object;+24
j  org.junit.jupiter.engine.execution.InvocationInterceptorChain.invoke(Lorg/junit/jupiter/api/extension/InvocationInterceptor$Invocation;Lorg/junit/jupiter/engine/extension/ExtensionRegistry;Lorg/junit/jupiter/engine/execution/InvocationInterceptorChain$InterceptorCall;)Ljava/lang/Object;+31
j  org.junit.jupiter.engine.execution.ExecutableInvoker.invoke(Lorg/junit/jupiter/api/extension/InvocationInterceptor$Invocation;Lorg/junit/jupiter/api/extension/ReflectiveInvocationContext;Lorg/junit/jupiter/api/extension/ExtensionContext;Lorg/junit/jupiter/engine/extension/ExtensionRegistry;Lorg/junit/jupiter/engine/execution/ExecutableInvoker$ReflectiveInterceptorCall;)Ljava/lang/Object;+15
j  org.junit.jupiter.engine.execution.ExecutableInvoker.invoke(Ljava/lang/reflect/Method;Ljava/lang/Object;Lorg/junit/jupiter/api/extension/ExtensionContext;Lorg/junit/jupiter/engine/extension/ExtensionRegistry;Lorg/junit/jupiter/engine/execution/ExecutableInvoker$ReflectiveInterceptorCall;)Ljava/lang/Object;+56
j  org.junit.jupiter.engine.descriptor.TestMethodTestDescriptor.lambda$invokeTestMethod$6(Lorg/junit/jupiter/api/extension/ExtensionContext;Lorg/junit/jupiter/engine/execution/JupiterEngineExecutionContext;)V+28
j  org.junit.jupiter.engine.descriptor.TestMethodTestDescriptor$$Lambda$238.execute()V+12
j  org.junit.platform.engine.support.hierarchical.ThrowableCollector.execute(Lorg/junit/platform/engine/support/hierarchical/ThrowableCollector$Executable;)V+1
j  org.junit.jupiter.engine.descriptor.TestMethodTestDescriptor.invokeTestMethod(Lorg/junit/jupiter/engine/execution/JupiterEngineExecutionContext;Lorg/junit/platform/engine/support/hierarchical/Node$DynamicTestExecutor;)V+21
j  org.junit.jupiter.engine.descriptor.TestMethodTestDescriptor.execute(Lorg/junit/jupiter/engine/execution/JupiterEngineExecutionContext;Lorg/junit/platform/engine/support/hierarchical/Node$DynamicTestExecutor;)Lorg/junit/jupiter/engine/execution/JupiterEngineExecutionContext;+44
j  org.junit.jupiter.engine.descriptor.TestMethodTestDescriptor.execute(Lorg/junit/platform/engine/support/hierarchical/EngineExecutionContext;Lorg/junit/platform/engine/support/hierarchical/Node$DynamicTestExecutor;)Lorg/junit/platform/engine/support/hierarchical/EngineExecutionContext;+6
j  org.junit.platform.engine.support.hierarchical.NodeTestTask.lambda$executeRecursively$5()V+79
j  org.junit.platform.engine.support.hierarchical.NodeTestTask$$Lambda$177.execute()V+4
j  org.junit.platform.engine.support.hierarchical.ThrowableCollector.execute(Lorg/junit/platform/engine/support/hierarchical/ThrowableCollector$Executable;)V+1
j  org.junit.platform.engine.support.hierarchical.NodeTestTask.lambda$executeRecursively$7(Lorg/junit/platform/engine/support/hierarchical/EngineExecutionContext;)V+15
j  org.junit.platform.engine.support.hierarchical.NodeTestTask$$Lambda$176.invoke(Lorg/junit/platform/engine/support/hierarchical/EngineExecutionContext;)V+5
j  org.junit.platform.engine.support.hierarchical.Node.around(Lorg/junit/platform/engine/support/hierarchical/EngineExecutionContext;Lorg/junit/platform/engine/support/hierarchical/Node$Invocation;)V+2
j  org.junit.platform.engine.support.hierarchical.NodeTestTask.lambda$executeRecursively$8()V+14
j  org.junit.platform.engine.support.hierarchical.NodeTestTask$$Lambda$175.execute()V+4
j  org.junit.platform.engine.support.hierarchical.ThrowableCollector.execute(Lorg/junit/platform/engine/support/hierarchical/ThrowableCollector$Executable;)V+1
j  org.junit.platform.engine.support.hierarchical.NodeTestTask.executeRecursively()V+31
j  org.junit.platform.engine.support.hierarchical.NodeTestTask.execute()V+55
j  org.junit.platform.engine.support.hierarchical.SameThreadHierarchicalTestExecutorService$$Lambda$181.accept(Ljava/lang/Object;)V+4
j  java.util.ArrayList.forEach(Ljava/util/function/Consumer;)V+47
j  org.junit.platform.engine.support.hierarchical.SameThreadHierarchicalTestExecutorService.invokeAll(Ljava/util/List;)V+6
j  org.junit.platform.engine.support.hierarchical.NodeTestTask.lambda$executeRecursively$5()V+116
j  org.junit.platform.engine.support.hierarchical.NodeTestTask$$Lambda$177.execute()V+4
j  org.junit.platform.engine.support.hierarchical.ThrowableCollector.execute(Lorg/junit/platform/engine/support/hierarchical/ThrowableCollector$Executable;)V+1
j  org.junit.platform.engine.support.hierarchical.NodeTestTask.lambda$executeRecursively$7(Lorg/junit/platform/engine/support/hierarchical/EngineExecutionContext;)V+15
j  org.junit.platform.engine.support.hierarchical.NodeTestTask$$Lambda$176.invoke(Lorg/junit/platform/engine/support/hierarchical/EngineExecutionContext;)V+5
j  org.junit.platform.engine.support.hierarchical.Node.around(Lorg/junit/platform/engine/support/hierarchical/EngineExecutionContext;Lorg/junit/platform/engine/support/hierarchical/Node$Invocation;)V+2
j  org.junit.platform.engine.support.hierarchical.NodeTestTask.lambda$executeRecursively$8()V+14
j  org.junit.platform.engine.support.hierarchical.NodeTestTask$$Lambda$175.execute()V+4
j  org.junit.platform.engine.support.hierarchical.ThrowableCollector.execute(Lorg/junit/platform/engine/support/hierarchical/ThrowableCollector$Executable;)V+1
j  org.junit.platform.engine.support.hierarchical.NodeTestTask.executeRecursively()V+31
j  org.junit.platform.engine.support.hierarchical.NodeTestTask.execute()V+55
j  org.junit.platform.engine.support.hierarchical.SameThreadHierarchicalTestExecutorService$$Lambda$181.accept(Ljava/lang/Object;)V+4
j  java.util.ArrayList.forEach(Ljava/util/function/Consumer;)V+47
j  org.junit.platform.engine.support.hierarchical.SameThreadHierarchicalTestExecutorService.invokeAll(Ljava/util/List;)V+6
j  org.junit.platform.engine.support.hierarchical.NodeTestTask.lambda$executeRecursively$5()V+116
j  org.junit.platform.engine.support.hierarchical.NodeTestTask$$Lambda$177.execute()V+4
j  org.junit.platform.engine.support.hierarchical.ThrowableCollector.execute(Lorg/junit/platform/engine/support/hierarchical/ThrowableCollector$Executable;)V+1
j  org.junit.platform.engine.support.hierarchical.NodeTestTask.lambda$executeRecursively$7(Lorg/junit/platform/engine/support/hierarchical/EngineExecutionContext;)V+15
j  org.junit.platform.engine.support.hierarchical.NodeTestTask$$Lambda$176.invoke(Lorg/junit/platform/engine/support/hierarchical/EngineExecutionContext;)V+5
j  org.junit.platform.engine.support.hierarchical.Node.around(Lorg/junit/platform/engine/support/hierarchical/EngineExecutionContext;Lorg/junit/platform/engine/support/hierarchical/Node$Invocation;)V+2
j  org.junit.platform.engine.support.hierarchical.NodeTestTask.lambda$executeRecursively$8()V+14
j  org.junit.platform.engine.support.hierarchical.NodeTestTask$$Lambda$175.execute()V+4
j  org.junit.platform.engine.support.hierarchical.ThrowableCollector.execute(Lorg/junit/platform/engine/support/hierarchical/ThrowableCollector$Executable;)V+1
j  org.junit.platform.engine.support.hierarchical.NodeTestTask.executeRecursively()V+31
j  org.junit.platform.engine.support.hierarchical.NodeTestTask.execute()V+55
j  org.junit.platform.engine.support.hierarchical.SameThreadHierarchicalTestExecutorService.submit(Lorg/junit/platform/engine/support/hierarchical/HierarchicalTestExecutorService$TestTask;)Ljava/util/concurrent/Future;+1
j  org.junit.platform.engine.support.hierarchical.HierarchicalTestExecutor.execute()Ljava/util/concurrent/Future;+74
j  org.junit.platform.engine.support.hierarchical.HierarchicalTestEngine.execute(Lorg/junit/platform/engine/ExecutionRequest;)V+31
j  org.junit.platform.launcher.core.DefaultLauncher.execute(Lorg/junit/platform/engine/TestEngine;Lorg/junit/platform/engine/ExecutionRequest;)V+2
j  org.junit.platform.launcher.core.DefaultLauncher.lambda$execute$6(Lorg/junit/platform/launcher/core/InternalTestPlan;Lorg/junit/platform/launcher/core/Root;Lorg/junit/platform/engine/ConfigurationParameters;Lorg/junit/platform/launcher/TestExecutionListener;)V+76
j  org.junit.platform.launcher.core.DefaultLauncher$$Lambda$135.accept(Ljava/lang/Object;)V+20
j  org.junit.platform.launcher.core.DefaultLauncher.withInterceptedStreams(Lorg/junit/platform/engine/ConfigurationParameters;Lorg/junit/platform/launcher/core/TestExecutionListenerRegistry;Ljava/util/function/Consumer;)V+43
j  org.junit.platform.launcher.core.DefaultLauncher.execute(Lorg/junit/platform/launcher/core/InternalTestPlan;[Lorg/junit/platform/launcher/TestExecutionListener;)V+33
j  org.junit.platform.launcher.core.DefaultLauncher.execute(Lorg/junit/platform/launcher/LauncherDiscoveryRequest;[Lorg/junit/platform/launcher/TestExecutionListener;)V+33
j  com.intellij.junit5.JUnit5IdeaTestRunner.startRunnerWithArgs([Ljava/lang/String;Ljava/lang/String;IZ)I+202
j  com.intellij.rt.junit.IdeaTestRunner$Repeater.startRunnerWithArgs(Lcom/intellij/rt/junit/IdeaTestRunner;[Ljava/lang/String;Ljava/util/ArrayList;Ljava/lang/String;IZ)I+22
j  com.intellij.rt.junit.JUnitStarter.prepareStreamsAndStart([Ljava/lang/String;Ljava/lang/String;Ljava/util/ArrayList;Ljava/lang/String;)I+116
j  com.intellij.rt.junit.JUnitStarter.main([Ljava/lang/String;)V+116
v  ~StubRoutines::call_stub

---------------  P R O C E S S  ---------------

Java Threads: ( => current thread )
  0x000000001e360000 JavaThread "Service Thread" daemon [_thread_blocked, id=14004, stack(0x000000001fdb0000,0x000000001feb0000)]
  0x000000001e2c4800 JavaThread "C1 CompilerThread3" daemon [_thread_blocked, id=6408, stack(0x000000001fcb0000,0x000000001fdb0000)]
  0x000000001e2c4000 JavaThread "C2 CompilerThread2" daemon [_thread_blocked, id=21200, stack(0x000000001fbb0000,0x000000001fcb0000)]
  0x000000001e2c2800 JavaThread "C2 CompilerThread1" daemon [_thread_blocked, id=16496, stack(0x000000001fab0000,0x000000001fbb0000)]
  0x000000001e2be000 JavaThread "C2 CompilerThread0" daemon [_thread_blocked, id=13072, stack(0x000000001f9b0000,0x000000001fab0000)]
  0x000000001e26d000 JavaThread "Monitor Ctrl-Break" daemon [_thread_in_native, id=16908, stack(0x000000001f8b0000,0x000000001f9b0000)]
  0x000000001cb8a000 JavaThread "Attach Listener" daemon [_thread_blocked, id=9128, stack(0x000000001f7b0000,0x000000001f8b0000)]
  0x000000001cb89800 JavaThread "Signal Dispatcher" daemon [_thread_blocked, id=10028, stack(0x000000001f6b0000,0x000000001f7b0000)]
  0x000000001cb7b800 JavaThread "Finalizer" daemon [_thread_blocked, id=10492, stack(0x000000001f4b0000,0x000000001f5b0000)]
  0x000000001e243000 JavaThread "Reference Handler" daemon [_thread_blocked, id=16348, stack(0x000000001f3b0000,0x000000001f4b0000)]
=>0x0000000002ed4800 JavaThread "main" [_thread_in_native, id=17664, stack(0x0000000002c30000,0x0000000002d30000)]

Other Threads:
  0x000000001e222800 VMThread [stack: 0x000000001f2b0000,0x000000001f3b0000] [id=2924]
  0x000000001e37a000 WatcherThread [stack: 0x000000001feb0000,0x000000001ffb0000] [id=16820]

VM state:not at safepoint (normal execution)

VM Mutex/Monitor currently owned by a thread: None

heap address: 0x00000006c3000000, size: 4048 MB, Compressed Oops mode: Zero based, Oop shift amount: 3
Narrow klass base: 0x0000000000000000, Narrow klass shift: 3
Compressed class space size: 1073741824 Address: 0x00000007c0000000

Heap:
 PSYoungGen      total 75776K, used 19074K [0x000000076bb00000, 0x0000000770f80000, 0x00000007c0000000)
  eden space 65024K, 18% used [0x000000076bb00000,0x000000076c6d1530,0x000000076fa80000)
  from space 10752K, 64% used [0x000000076fa80000,0x000000077014f630,0x0000000770500000)
  to   space 10752K, 0% used [0x0000000770500000,0x0000000770500000,0x0000000770f80000)
 ParOldGen       total 173568K, used 16K [0x00000006c3000000, 0x00000006cd980000, 0x000000076bb00000)
  object space 173568K, 0% used [0x00000006c3000000,0x00000006c3004000,0x00000006cd980000)
 Metaspace       used 13554K, capacity 14408K, committed 14720K, reserved 1062912K
  class space    used 1926K, capacity 2113K, committed 2176K, reserved 1048576K

Card table byte_map: [0x0000000012390000,0x0000000012b80000] byte_map_base: 0x000000000ed78000

Marking Bits: (ParMarkBitMap*) 0x0000000054aa4ce0
 Begin Bits: [0x0000000013ad0000, 0x0000000017a10000)
 End Bits:   [0x0000000017a10000, 0x000000001b950000)

Polling page: 0x00000000013d0000

CodeCache: size=245760Kb used=4173Kb max_used=4182Kb free=241586Kb
 bounds [0x0000000002fd0000, 0x00000000033f0000, 0x0000000011fd0000]
 total_blobs=1700 nmethods=1133 adapters=479
 compilation: enabled

Compilation events (10 events):
Event: 1.086 Thread 0x000000001e2c4800 1129       3       net.bytebuddy.description.type.TypeDescription$Generic$LazyProjection$ForLoadedReturnType::resolve (63 bytes)
Event: 1.086 Thread 0x000000001e2c2800 1130       4       java.util.AbstractList::<init> (10 bytes)
Event: 1.087 Thread 0x000000001e2c2800 nmethod 1130 0x00000000033d0d10 code [0x00000000033d0e40, 0x00000000033d0e98]
Event: 1.087 Thread 0x000000001e2c4800 nmethod 1129 0x00000000033dcd10 code [0x00000000033dcf60, 0x00000000033dde28]
Event: 1.087 Thread 0x000000001e2c4800 1131       3       net.bytebuddy.jar.asm.ByteVector::putShort (52 bytes)
Event: 1.087 Thread 0x000000001e2c4800 nmethod 1131 0x00000000033dc7d0 code [0x00000000033dc940, 0x00000000033dcba8]
Event: 1.092 Thread 0x000000001e2c4800 1132       3       sun.reflect.ClassFileAssembler::setStack (25 bytes)
Event: 1.092 Thread 0x000000001e2c4800 nmethod 1132 0x00000000033dc290 code [0x00000000033dc3e0, 0x00000000033dc570]
Event: 1.097 Thread 0x000000001e2c4000 1133       4       java.lang.String::indexOf (7 bytes)
Event: 1.102 Thread 0x000000001e2c4000 nmethod 1133 0x00000000033e6c10 code [0x00000000033e6d60, 0x00000000033e7198]

GC Heap History (2 events):
Event: 1.006 GC heap before
{Heap before GC invocations=1 (full 0):
 PSYoungGen      total 75776K, used 65024K [0x000000076bb00000, 0x0000000770f80000, 0x00000007c0000000)
  eden space 65024K, 100% used [0x000000076bb00000,0x000000076fa80000,0x000000076fa80000)
  from space 10752K, 0% used [0x0000000770500000,0x0000000770500000,0x0000000770f80000)
  to   space 10752K, 0% used [0x000000076fa80000,0x000000076fa80000,0x0000000770500000)
 ParOldGen       total 173568K, used 0K [0x00000006c3000000, 0x00000006cd980000, 0x000000076bb00000)
  object space 173568K, 0% used [0x00000006c3000000,0x00000006c3000000,0x00000006cd980000)
 Metaspace       used 12241K, capacity 13110K, committed 13184K, reserved 1060864K
  class space    used 1717K, capacity 1918K, committed 1920K, reserved 1048576K
Event: 1.011 GC heap after
Heap after GC invocations=1 (full 0):
 PSYoungGen      total 75776K, used 6973K [0x000000076bb00000, 0x0000000770f80000, 0x00000007c0000000)
  eden space 65024K, 0% used [0x000000076bb00000,0x000000076bb00000,0x000000076fa80000)
  from space 10752K, 64% used [0x000000076fa80000,0x000000077014f630,0x0000000770500000)
  to   space 10752K, 0% used [0x0000000770500000,0x0000000770500000,0x0000000770f80000)
 ParOldGen       total 173568K, used 16K [0x00000006c3000000, 0x00000006cd980000, 0x000000076bb00000)
  object space 173568K, 0% used [0x00000006c3000000,0x00000006c3004000,0x00000006cd980000)
 Metaspace       used 12241K, capacity 13110K, committed 13184K, reserved 1060864K
  class space    used 1717K, capacity 1918K, committed 1920K, reserved 1048576K
}

Deoptimization events (5 events):
Event: 0.481 Thread 0x0000000002ed4800 Uncommon trap: reason=unstable_if action=reinterpret pc=0x0000000003217308 method=sun.misc.MetaIndex.mayContain(Ljava/lang/String;)Z @ 38
Event: 0.540 Thread 0x0000000002ed4800 Uncommon trap: reason=unstable_if action=reinterpret pc=0x00000000030f91c0 method=java.lang.CharacterData.of(I)Ljava/lang/CharacterData; @ 4
Event: 0.557 Thread 0x0000000002ed4800 Uncommon trap: reason=null_check action=make_not_entrant pc=0x0000000003167490 method=java.lang.String.equals(Ljava/lang/Object;)Z @ 8
Event: 0.581 Thread 0x0000000002ed4800 Uncommon trap: reason=unstable_if action=reinterpret pc=0x000000000330bd50 method=java.io.WinNTFileSystem.normalize(Ljava/lang/String;)Ljava/lang/String; @ 49
Event: 0.938 Thread 0x0000000002ed4800 Uncommon trap: reason=range_check action=make_not_entrant pc=0x00000000031ae8e8 method=sun.reflect.generics.parser.SignatureParser.current()C @ 34

Classes redefined (0 events):
No events

Internal exceptions (10 events):
Event: 0.435 Thread 0x0000000002ed4800 Exception <a 'java/lang/NoSuchMethodError': java.lang.Object.lambda$accept$0(Lorg/junit/platform/engine/TestDescriptor$Visitor;Lorg/junit/platform/engine/TestDescriptor;)V> (0x000000076cde68a8) thrown at [C:\re\workspace\8-2-build-windows-amd64-cygwin\jdk
Event: 0.439 Thread 0x0000000002ed4800 Exception <a 'java/lang/NoSuchMethodError': java.lang.Object.containsTests(Lorg/junit/platform/engine/TestDescriptor;)Z> (0x000000076ce26bf0) thrown at [C:\re\workspace\8-2-build-windows-amd64-cygwin\jdk8u201\12322\hotspot\src\share\vm\interpreter\linkRes
Event: 0.452 Thread 0x0000000002ed4800 Exception <a 'java/lang/IncompatibleClassChangeError': Found class java.lang.Object, but interface was expected> (0x000000076cec99d0) thrown at [C:\re\workspace\8-2-build-windows-amd64-cygwin\jdk8u201\12322\hotspot\src\share\vm\interpreter\linkResolver.cp
Event: 0.468 Thread 0x0000000002ed4800 Exception <a 'java/lang/NoSuchMethodError': java.lang.Object.lambda$comparing$77a9974f$1(Ljava/util/function/Function;Ljava/lang/Object;Ljava/lang/Object;)I> (0x000000076d0151e0) thrown at [C:\re\workspace\8-2-build-windows-amd64-cygwin\jdk8u201\12322\hot
Event: 0.469 Thread 0x0000000002ed4800 Exception <a 'java/lang/NoSuchMethodError': java.lang.Object.lambda$thenComparing$36697e65$1(Ljava/util/Comparator;Ljava/lang/Object;Ljava/lang/Object;)I> (0x000000076d034320) thrown at [C:\re\workspace\8-2-build-windows-amd64-cygwin\jdk8u201\12322\hotspo
Event: 0.506 Thread 0x0000000002ed4800 Exception <a 'java/lang/NoSuchMethodError': java.lang.Object.lambda$and$0(Ljava/util/function/Predicate;Ljava/lang/Object;)Z> (0x000000076d2feec0) thrown at [C:\re\workspace\8-2-build-windows-amd64-cygwin\jdk8u201\12322\hotspot\src\share\vm\interpreter\li
Event: 0.526 Thread 0x0000000002ed4800 Exception <a 'java/lang/IncompatibleClassChangeError': Found class java.lang.Object, but interface was expected> (0x000000076d441e60) thrown at [C:\re\workspace\8-2-build-windows-amd64-cygwin\jdk8u201\12322\hotspot\src\share\vm\interpreter\linkResolver.cp
Event: 0.557 Thread 0x0000000002ed4800 Implicit null exception at 0x00000000031672a2 to 0x0000000003167481
Event: 0.939 Thread 0x0000000002ed4800 Exception <a 'java/lang/ArrayIndexOutOfBoundsException': 18> (0x000000076f402cb0) thrown at [C:\re\workspace\8-2-build-windows-amd64-cygwin\jdk8u201\12322\hotspot\src\share\vm\interpreter\interpreterRuntime.cpp, line 368]
Event: 0.951 Thread 0x0000000002ed4800 Exception <a 'java/lang/ArrayIndexOutOfBoundsException': 22> (0x000000076f4f3870) thrown at [C:\re\workspace\8-2-build-windows-amd64-cygwin\jdk8u201\12322\hotspot\src\share\vm\interpreter\interpreterRuntime.cpp, line 368]

Events (10 events):
Event: 1.103 loading class com/badlogic/gdx/physics/bullet/collision/CollisionObjectWrapper
Event: 1.103 loading class com/badlogic/gdx/physics/bullet/collision/CollisionObjectWrapper done
Event: 1.104 loading class com/badlogic/gdx/utils/LongMap
Event: 1.104 loading class com/badlogic/gdx/utils/LongMap done
Event: 1.105 loading class java/lang/StrictMath
Event: 1.105 loading class java/lang/StrictMath done
Event: 1.105 loading class com/badlogic/gdx/math/MathUtils
Event: 1.105 loading class com/badlogic/gdx/math/MathUtils done
Event: 1.105 loading class com/badlogic/gdx/math/RandomXS128
Event: 1.105 loading class com/badlogic/gdx/math/RandomXS128 done


Dynamic libraries:
0x00007ff7831c0000 - 0x00007ff7831f7000 	C:\Program Files\Java\jdk1.8.0_201\bin\java.exe
0x00007ffa63700000 - 0x00007ffa638f0000 	C:\WINDOWS\SYSTEM32\ntdll.dll
0x00007ffa62210000 - 0x00007ffa622c2000 	C:\WINDOWS\System32\KERNEL32.DLL
0x00007ffa61130000 - 0x00007ffa613d3000 	C:\WINDOWS\System32\KERNELBASE.dll
0x00007ffa62cc0000 - 0x00007ffa62d63000 	C:\WINDOWS\System32\ADVAPI32.dll
0x00007ffa62d70000 - 0x00007ffa62e0e000 	C:\WINDOWS\System32\msvcrt.dll
0x00007ffa62b50000 - 0x00007ffa62be7000 	C:\WINDOWS\System32\sechost.dll
0x00007ffa62e10000 - 0x00007ffa62f30000 	C:\WINDOWS\System32\RPCRT4.dll
0x00007ffa623b0000 - 0x00007ffa62544000 	C:\WINDOWS\System32\USER32.dll
0x00007ffa61720000 - 0x00007ffa61741000 	C:\WINDOWS\System32\win32u.dll
0x00007ffa635c0000 - 0x00007ffa635e6000 	C:\WINDOWS\System32\GDI32.dll
0x00007ffa60ec0000 - 0x00007ffa61054000 	C:\WINDOWS\System32\gdi32full.dll
0x00007ffa613e0000 - 0x00007ffa6147e000 	C:\WINDOWS\System32\msvcp_win.dll
0x00007ffa61480000 - 0x00007ffa6157a000 	C:\WINDOWS\System32\ucrtbase.dll
0x00007ffa51010000 - 0x00007ffa51295000 	C:\WINDOWS\WinSxS\amd64_microsoft.windows.common-controls_6595b64144ccf1df_6.0.18362.476_none_e6c4b11b130f2595\COMCTL32.dll
0x00007ffa63130000 - 0x00007ffa63466000 	C:\WINDOWS\System32\combase.dll
0x00007ffa610b0000 - 0x00007ffa61130000 	C:\WINDOWS\System32\bcryptPrimitives.dll
0x00007ffa63090000 - 0x00007ffa630be000 	C:\WINDOWS\System32\IMM32.DLL
0x0000000054b30000 - 0x0000000054c01000 	C:\Program Files\Java\jdk1.8.0_201\jre\bin\msvcr100.dll
0x0000000054280000 - 0x0000000054b24000 	C:\Program Files\Java\jdk1.8.0_201\jre\bin\server\jvm.dll
0x00007ffa62a20000 - 0x00007ffa62a28000 	C:\WINDOWS\System32\PSAPI.DLL
0x00007ffa3d8e0000 - 0x00007ffa3d8e9000 	C:\WINDOWS\SYSTEM32\WSOCK32.dll
0x00007ffa5bb10000 - 0x00007ffa5bb34000 	C:\WINDOWS\SYSTEM32\WINMM.dll
0x00007ffa5f6e0000 - 0x00007ffa5f6ea000 	C:\WINDOWS\SYSTEM32\VERSION.dll
0x00007ffa621a0000 - 0x00007ffa6220f000 	C:\WINDOWS\System32\WS2_32.dll
0x00007ffa5bae0000 - 0x00007ffa5bb0d000 	C:\WINDOWS\SYSTEM32\WINMMBASE.dll
0x00007ffa61060000 - 0x00007ffa610aa000 	C:\WINDOWS\System32\cfgmgr32.dll
0x00007ffa5da50000 - 0x00007ffa5da5f000 	C:\Program Files\Java\jdk1.8.0_201\jre\bin\verify.dll
0x00007ffa587c0000 - 0x00007ffa587e9000 	C:\Program Files\Java\jdk1.8.0_201\jre\bin\java.dll
0x00007ffa45300000 - 0x00007ffa45323000 	C:\Program Files\Java\jdk1.8.0_201\jre\bin\instrument.dll
0x00007ffa5a4d0000 - 0x00007ffa5a4e6000 	C:\Program Files\Java\jdk1.8.0_201\jre\bin\zip.dll
0x00007ffa61aa0000 - 0x00007ffa62185000 	C:\WINDOWS\System32\SHELL32.dll
0x00007ffa635f0000 - 0x00007ffa63699000 	C:\WINDOWS\System32\shcore.dll
0x00007ffa60690000 - 0x00007ffa60e0e000 	C:\WINDOWS\System32\windows.storage.dll
0x00007ffa60600000 - 0x00007ffa6061f000 	C:\WINDOWS\System32\profapi.dll
0x00007ffa60620000 - 0x00007ffa6066a000 	C:\WINDOWS\System32\powrprof.dll
0x00007ffa605d0000 - 0x00007ffa605e0000 	C:\WINDOWS\System32\UMPDC.dll
0x00007ffa630c0000 - 0x00007ffa63112000 	C:\WINDOWS\System32\shlwapi.dll
0x00007ffa605e0000 - 0x00007ffa605f1000 	C:\WINDOWS\System32\kernel.appcore.dll
0x00007ffa61700000 - 0x00007ffa61717000 	C:\WINDOWS\System32\cryptsp.dll
0x00007ffa53000000 - 0x00007ffa5301a000 	C:\Program Files\JetBrains\IntelliJ IDEA Community Edition 2018.3.4\bin\breakgen64.dll
0x00007ffa59de0000 - 0x00007ffa59dfa000 	C:\Program Files\Java\jdk1.8.0_201\jre\bin\net.dll
0x00007ffa51c10000 - 0x00007ffa51de6000 	C:\WINDOWS\SYSTEM32\urlmon.dll
0x00007ffa51960000 - 0x00007ffa51c06000 	C:\WINDOWS\SYSTEM32\iertutil.dll
0x00007ffa60010000 - 0x00007ffa6001c000 	C:\WINDOWS\SYSTEM32\CRYPTBASE.DLL
0x00007ffa5fe40000 - 0x00007ffa5fea7000 	C:\WINDOWS\system32\mswsock.dll
0x0000000067cc0000 - 0x00000000681b3000 	C:\Users\lh_wi\AppData\Local\Temp\libgdxlh_wi\94dd86da\gdx-bullet64.dll
0x00007ffa5e160000 - 0x00007ffa5e354000 	C:\WINDOWS\SYSTEM32\dbghelp.dll

VM Arguments:
jvm_args: -ea -Didea.test.cyclic.buffer.size=1048576 -javaagent:C:\Program Files\JetBrains\IntelliJ IDEA Community Edition 2018.3.4\lib\idea_rt.jar=57235:C:\Program Files\JetBrains\IntelliJ IDEA Community Edition 2018.3.4\bin -Dfile.encoding=UTF-8 
java_command: com.intellij.rt.junit.JUnitStarter -ideVersion5 -junit5 com.sem.pool.scene.CollisionHandlerTest
java_class_path (initial): C:\Program Files\JetBrains\IntelliJ IDEA Community Edition 2018.3.4\lib\idea_rt.jar;C:\Program Files\JetBrains\IntelliJ IDEA Community Edition 2018.3.4\plugins\junit\lib\junit5-rt.jar;C:\Program Files\JetBrains\IntelliJ IDEA Community Edition 2018.3.4\plugins\junit\lib\junit-rt.jar;C:\Program Files\Java\jdk1.8.0_201\jre\lib\charsets.jar;C:\Program Files\Java\jdk1.8.0_201\jre\lib\deploy.jar;C:\Program Files\Java\jdk1.8.0_201\jre\lib\ext\access-bridge-64.jar;C:\Program Files\Java\jdk1.8.0_201\jre\lib\ext\cldrdata.jar;C:\Program Files\Java\jdk1.8.0_201\jre\lib\ext\dnsns.jar;C:\Program Files\Java\jdk1.8.0_201\jre\lib\ext\jaccess.jar;C:\Program Files\Java\jdk1.8.0_201\jre\lib\ext\jfxrt.jar;C:\Program Files\Java\jdk1.8.0_201\jre\lib\ext\localedata.jar;C:\Program Files\Java\jdk1.8.0_201\jre\lib\ext\nashorn.jar;C:\Program Files\Java\jdk1.8.0_201\jre\lib\ext\sunec.jar;C:\Program Files\Java\jdk1.8.0_201\jre\lib\ext\sunjce_provider.jar;C:\Program Files\Java\jdk1.8.0_201\jre\lib\ext\sunmscapi.jar;C:\Program Files\Java\jdk1.8.0_201\jre\lib\ext\sunpkcs11.jar;C:\Program Files\Java\jdk1.8.0_201\jre\lib\ext\zipfs.jar;C:\Program Files\Java\jdk1.8.0_201\jre\lib\javaws.jar;C:\Program Files\Java\jdk1.8.0_201\jre\lib\jce.jar;C:\Program Files\Java\jdk1.8.0_201\jre\lib\jfr.jar;C:\Program Files\Java\jdk1.8.0_201\jre\lib\jfxswt.jar;C:\Program Files\Java\jdk1.8.0_201\jre\lib\jsse.jar;C:\Program Files\Java\jdk1.8.0_201\jre\lib\management-agent.jar;C:\Program Files\Java\jdk1.8.0_201\jre\lib\plugin.jar;C:\Program Files\Java\jdk1.8.0_201\jre\lib\resources.jar;C:\Program Files\Java\jdk1.8.0_201\jre\lib\rt.jar;C:\Users\lh_wi\OneDrive\Bureaublad\CSE\Year 2\Software Engineering Methods\Project\core\build\classes\java\test;C:\Users\lh_wi\OneDrive\Bureaublad\CSE\Year 2\Software Engineering Methods\Project\core\build\classes\java\main;C:\Users\lh_wi\.gradle\caches\modules-2\files-2.1\com.badlogicgames.box2dlights\box2dlights\1.4\3d77ad5b4164fb32fc67e2446e35911bb0aaf0bd\box2d
Launcher Type: SUN_STANDARD

Environment Variables:
PATH=C:\Program Files (x86)\Common Files\Oracle\Java\javapath;C:\Program Files (x86)\NVIDIA Corporation\PhysX\Common;C:\WINDOWS\system32;C:\WINDOWS;C:\WINDOWS\System32\Wbem;C:\WINDOWS\System32\WindowsPowerShell\v1.0\;C:\WINDOWS\System32\OpenSSH\;C:\Program Files\nodejs\;C:\Program Files\Git\cmd;C:\Program Files\Intel\WiFi\bin\;C:\Program Files\Common Files\Intel\WirelessCommon\;C:\Gradle\gradle-5.4\bin;C:\Program Files (x86)\Intel\Intel(R) Management Engine Components\DAL;C:\Program Files\Intel\Intel(R) Management Engine Components\DAL;C:\TDM-GCC-64\bin;C:\Users\lh_wi\AppData\Local\Microsoft\WindowsApps;;C:\Users\lh_wi\AppData\Local\Programs\Microsoft VS Code\bin;C:\Users\lh_wi\AppData\Roaming\npm;C:\Program Files\heroku\bin
USERNAME=lh_wi
OS=Windows_NT
PROCESSOR_IDENTIFIER=Intel64 Family 6 Model 158 Stepping 10, GenuineIntel



---------------  S Y S T E M  ---------------

OS: Windows 10.0 , 64 bit Build 18362 (10.0.18362.329)

CPU:total 12 (initial active 12) (6 cores per cpu, 2 threads per core) family 6 model 158 stepping 10, cmov, cx8, fxsr, mmx, sse, sse2, sse3, ssse3, sse4.1, sse4.2, popcnt, avx, avx2, aes, clmul, erms, 3dnowpref, lzcnt, ht, tsc, tscinvbit, bmi1, bmi2, adx

Memory: 4k page, physical 16579100k(8258488k free), swap 23941308k(9967720k free)

vm_info: Java HotSpot(TM) 64-Bit Server VM (25.201-b09) for windows-amd64 JRE (1.8.0_201-b09), built on Dec 15 2018 18:36:39 by "java_re" with MS VC++ 10.0 (VS2010)

time: Wed Dec 04 19:48:38 2019
timezone: W. Europe Standard Time
elapsed time: 1 seconds (0d 0h 0m 1s)

