#
# A fatal error has been detected by the Java Runtime Environment:
#
#  EXCEPTION_ACCESS_VIOLATION (0xc0000005) at pc=0x0000000067e69b12, pid=14708, tid=0x0000000000004e9c
#
# JRE version: Java(TM) SE Runtime Environment (8.0_201-b09) (build 1.8.0_201-b09)
# Java VM: Java HotSpot(TM) 64-Bit Server VM (25.201-b09 mixed mode windows-amd64 compressed oops)
# Problematic frame:
# C  [gdx-bullet64.dll+0x1a9b12]
#
# Failed to write core dump. Minidumps are not enabled by default on client versions of Windows
#
# If you would like to submit a bug report, please visit:
#   http://bugreport.java.com/bugreport/crash.jsp
# The crash happened outside the Java Virtual Machine in native code.
# See problematic frame for where to report the bug.
#

---------------  T H R E A D  ---------------

Current thread (0x0000000002a84800):  JavaThread "main" [_thread_in_native, id=20124, stack(0x0000000002710000,0x0000000002810000)]

siginfo: ExceptionCode=0xc0000005, reading address 0x00000000000000c8

Registers:
RAX=0x00000000213c7a10, RBX=0x0000000000000000, RCX=0x000000007ffe0380, RDX=0x0000000000000001
RSP=0x000000000280ce20, RBP=0x000000000280ced0, RSI=0x00000000214847f8, RDI=0x00000000000004a9
R8 =0x0000000000000000, R9 =0x0000000000000001, R10=0x0000000000000000, R11=0x000000000280cd90
R12=0x0000000000000000, R13=0x00000000214331a0, R14=0x000000000280cf00, R15=0x0000000002a84800
RIP=0x0000000067e69b12, EFLAGS=0x0000000000010202

Top of Stack: (sp=0x000000000280ce20)
0x000000000280ce20:   0000000002a84400 0000000002a84800
0x000000000280ce30:   00000000214331a0 00000000214847f8
0x000000000280ce40:   00000000214331a0 0000000002b98c67
0x000000000280ce50:   00000000000004a9 0000000002b9899d
0x000000000280ce60:   0000000002a84800 00000000214331a0
0x000000000280ce70:   00000000214847f8 0000000002a84800
0x000000000280ce80:   000000000280cf68 0000000002b98962
0x000000000280ce90:   000000000280ce90 00000000214331a0
0x000000000280cea0:   000000000280cf00 000000001c48aca0
0x000000000280ceb0:   0000000000000000 00000000214331a0
0x000000000280cec0:   0000000000000000 000000000280cef0
0x000000000280ced0:   000000000280cf50 0000000002b87e70
0x000000000280cee0:   000000076fa80c18 0000000002b921d7
0x000000000280cef0:   0000000000000000 0000000000000000
0x000000000280cf00:   0000000000000000 000000076c4e0008
0x000000000280cf10:   000000000280cf10 0000000021b0597e 

Instructions: (pc=0x0000000067e69b12)
0x0000000067e69af2:   5b c3 66 90 66 2e 0f 1f 84 00 00 00 00 00 53 48
0x0000000067e69b02:   83 ec 20 b9 28 00 00 00 4c 89 c3 e8 ce 47 1a 00
0x0000000067e69b12:   48 8b 93 c8 00 00 00 48 89 58 10 48 83 c3 08 48
0x0000000067e69b22:   c7 00 00 00 00 00 48 89 58 18 c7 40 20 ff ff ff 


Register to memory mapping:

RAX=0x00000000213c7a10 is an unknown value
RBX=0x0000000000000000 is an unknown value
RCX=0x000000007ffe0380 is an unknown value
RDX=0x0000000000000001 is an unknown value
RSP=0x000000000280ce20 is pointing into the stack for thread: 0x0000000002a84800
RBP=0x000000000280ced0 is pointing into the stack for thread: 0x0000000002a84800
RSI=0x00000000214847f8 is pointing into metadata
RDI=0x00000000000004a9 is an unknown value
R8 =0x0000000000000000 is an unknown value
R9 =0x0000000000000001 is an unknown value
R10=0x0000000000000000 is an unknown value
R11=0x000000000280cd90 is pointing into the stack for thread: 0x0000000002a84800
R12=0x0000000000000000 is an unknown value
R13={method} {0x00000000214331a8} 'new_CollisionObjectWrapper__SWIG_11' '(JLcom/badlogic/gdx/physics/bullet/collision/btCollisionObject;)J' in 'com/badlogic/gdx/physics/bullet/collision/CollisionJNI'
R14=0x000000000280cf00 is pointing into the stack for thread: 0x0000000002a84800
R15=0x0000000002a84800 is a thread


Stack: [0x0000000002710000,0x0000000002810000],  sp=0x000000000280ce20,  free space=1011k
Native frames: (J=compiled Java code, j=interpreted, Vv=VM code, C=native code)
C  [gdx-bullet64.dll+0x1a9b12]
C  0x0000000002b98c67

Java frames: (J=compiled Java code, j=interpreted, Vv=VM code)
j  com.badlogic.gdx.physics.bullet.collision.CollisionJNI.new_CollisionObjectWrapper__SWIG_11(JLcom/badlogic/gdx/physics/bullet/collision/btCollisionObject;)J+0
j  com.badlogic.gdx.physics.bullet.collision.CollisionObjectWrapper.<init>(Lcom/badlogic/gdx/physics/bullet/collision/btCollisionObject;)V+6
j  com.sem.pool.scene.CollisionHandler.checkHitBoxCollision(Lcom/sem/pool/scene/HitBox;Lcom/sem/pool/scene/HitBox;)Z+16
j  com.sem.pool.scene.CollisionHandlerTest.testCollisionAlgorithm()V+77
v  ~StubRoutines::call_stub
j  sun.reflect.NativeMethodAccessorImpl.invoke0(Ljava/lang/reflect/Method;Ljava/lang/Object;[Ljava/lang/Object;)Ljava/lang/Object;+0
j  sun.reflect.NativeMethodAccessorImpl.invoke(Ljava/lang/Object;[Ljava/lang/Object;)Ljava/lang/Object;+100
j  sun.reflect.DelegatingMethodAccessorImpl.invoke(Ljava/lang/Object;[Ljava/lang/Object;)Ljava/lang/Object;+6
j  java.lang.reflect.Method.invoke(Ljava/lang/Object;[Ljava/lang/Object;)Ljava/lang/Object;+56
j  org.junit.platform.commons.util.ReflectionUtils.invokeMethod(Ljava/lang/reflect/Method;Ljava/lang/Object;[Ljava/lang/Object;)Ljava/lang/Object;+41
j  org.junit.jupiter.engine.execution.MethodInvocation.proceed()Ljava/lang/Object;+16
j  org.junit.jupiter.engine.execution.InvocationInterceptorChain$ValidatingInvocation.proceed()Ljava/lang/Object;+22
j  org.junit.jupiter.engine.extension.TimeoutExtension.intercept(Lorg/junit/jupiter/api/extension/InvocationInterceptor$Invocation;Lorg/junit/jupiter/api/extension/ReflectiveInvocationContext;Lorg/junit/jupiter/api/extension/ExtensionContext;Lorg/junit/jupiter/engine/extension/TimeoutDuration;Lorg/junit/jupiter/engine/extension/TimeoutExtension$TimeoutProvider;)Ljava/lang/Object;+28
j  org.junit.jupiter.engine.extension.TimeoutExtension.interceptTestableMethod(Lorg/junit/jupiter/api/extension/InvocationInterceptor$Invocation;Lorg/junit/jupiter/api/extension/ReflectiveInvocationContext;Lorg/junit/jupiter/api/extension/ExtensionContext;Lorg/junit/jupiter/engine/extension/TimeoutExtension$TimeoutProvider;)Ljava/lang/Object;+31
j  org.junit.jupiter.engine.extension.TimeoutExtension.interceptTestMethod(Lorg/junit/jupiter/api/extension/InvocationInterceptor$Invocation;Lorg/junit/jupiter/api/extension/ReflectiveInvocationContext;Lorg/junit/jupiter/api/extension/ExtensionContext;)V+9
j  org.junit.jupiter.engine.descriptor.TestMethodTestDescriptor$$Lambda$100.apply(Lorg/junit/jupiter/api/extension/InvocationInterceptor;Lorg/junit/jupiter/api/extension/InvocationInterceptor$Invocation;Lorg/junit/jupiter/api/extension/ReflectiveInvocationContext;Lorg/junit/jupiter/api/extension/ExtensionContext;)V+5
j  org.junit.jupiter.engine.execution.ExecutableInvoker$ReflectiveInterceptorCall.lambda$ofVoidMethod$0(Lorg/junit/jupiter/engine/execution/ExecutableInvoker$ReflectiveInterceptorCall$VoidMethodInterceptorCall;Lorg/junit/jupiter/api/extension/InvocationInterceptor;Lorg/junit/jupiter/api/extension/InvocationInterceptor$Invocation;Lorg/junit/jupiter/api/extension/ReflectiveInvocationContext;Lorg/junit/jupiter/api/extension/ExtensionContext;)Ljava/lang/Void;+6
j  org.junit.jupiter.engine.execution.ExecutableInvoker$ReflectiveInterceptorCall$$Lambda$101.apply(Lorg/junit/jupiter/api/extension/InvocationInterceptor;Lorg/junit/jupiter/api/extension/InvocationInterceptor$Invocation;Lorg/junit/jupiter/api/extension/ReflectiveInvocationContext;Lorg/junit/jupiter/api/extension/ExtensionContext;)Ljava/lang/Object;+9
j  org.junit.jupiter.engine.execution.ExecutableInvoker.lambda$invoke$0(Lorg/junit/jupiter/engine/execution/ExecutableInvoker$ReflectiveInterceptorCall;Lorg/junit/jupiter/api/extension/ReflectiveInvocationContext;Lorg/junit/jupiter/api/extension/ExtensionContext;Lorg/junit/jupiter/api/extension/InvocationInterceptor;Lorg/junit/jupiter/api/extension/InvocationInterceptor$Invocation;)Ljava/lang/Object;+6
j  org.junit.jupiter.engine.execution.ExecutableInvoker$$Lambda$228.apply(Lorg/junit/jupiter/api/extension/InvocationInterceptor;Lorg/junit/jupiter/api/extension/InvocationInterceptor$Invocation;)Ljava/lang/Object;+14
j  org.junit.jupiter.engine.execution.InvocationInterceptorChain$InterceptedInvocation.proceed()Ljava/lang/Object;+12
j  org.junit.jupiter.engine.execution.InvocationInterceptorChain.proceed(Lorg/junit/jupiter/api/extension/InvocationInterceptor$Invocation;)Ljava/lang/Object;+1
j  org.junit.jupiter.engine.execution.InvocationInterceptorChain.chainAndInvoke(Lorg/junit/jupiter/api/extension/InvocationInterceptor$Invocation;Lorg/junit/jupiter/engine/execution/InvocationInterceptorChain$InterceptorCall;Ljava/util/List;)Ljava/lang/Object;+24
j  org.junit.jupiter.engine.execution.InvocationInterceptorChain.invoke(Lorg/junit/jupiter/api/extension/InvocationInterceptor$Invocation;Lorg/junit/jupiter/engine/extension/ExtensionRegistry;Lorg/junit/jupiter/engine/execution/InvocationInterceptorChain$InterceptorCall;)Ljava/lang/Object;+31
j  org.junit.jupiter.engine.execution.ExecutableInvoker.invoke(Lorg/junit/jupiter/api/extension/InvocationInterceptor$Invocation;Lorg/junit/jupiter/api/extension/ReflectiveInvocationContext;Lorg/junit/jupiter/api/extension/ExtensionContext;Lorg/junit/jupiter/engine/extension/ExtensionRegistry;Lorg/junit/jupiter/engine/execution/ExecutableInvoker$ReflectiveInterceptorCall;)Ljava/lang/Object;+15
j  org.junit.jupiter.engine.execution.ExecutableInvoker.invoke(Ljava/lang/reflect/Method;Ljava/lang/Object;Lorg/junit/jupiter/api/extension/ExtensionContext;Lorg/junit/jupiter/engine/extension/ExtensionRegistry;Lorg/junit/jupiter/engine/execution/ExecutableInvoker$ReflectiveInterceptorCall;)Ljava/lang/Object;+56
j  org.junit.jupiter.engine.descriptor.TestMethodTestDescriptor.lambda$invokeTestMethod$6(Lorg/junit/jupiter/api/extension/ExtensionContext;Lorg/junit/jupiter/engine/execution/JupiterEngineExecutionContext;)V+28
j  org.junit.jupiter.engine.descriptor.TestMethodTestDescriptor$$Lambda$238.execute()V+12
j  org.junit.platform.engine.support.hierarchical.ThrowableCollector.execute(Lorg/junit/platform/engine/support/hierarchical/ThrowableCollector$Executable;)V+1
j  org.junit.jupiter.engine.descriptor.TestMethodTestDescriptor.invokeTestMethod(Lorg/junit/jupiter/engine/execution/JupiterEngineExecutionContext;Lorg/junit/platform/engine/support/hierarchical/Node$DynamicTestExecutor;)V+21
j  org.junit.jupiter.engine.descriptor.TestMethodTestDescriptor.execute(Lorg/junit/jupiter/engine/execution/JupiterEngineExecutionContext;Lorg/junit/platform/engine/support/hierarchical/Node$DynamicTestExecutor;)Lorg/junit/jupiter/engine/execution/JupiterEngineExecutionContext;+44
j  org.junit.jupiter.engine.descriptor.TestMethodTestDescriptor.execute(Lorg/junit/platform/engine/support/hierarchical/EngineExecutionContext;Lorg/junit/platform/engine/support/hierarchical/Node$DynamicTestExecutor;)Lorg/junit/platform/engine/support/hierarchical/EngineExecutionContext;+6
j  org.junit.platform.engine.support.hierarchical.NodeTestTask.lambda$executeRecursively$5()V+79
j  org.junit.platform.engine.support.hierarchical.NodeTestTask$$Lambda$177.execute()V+4
j  org.junit.platform.engine.support.hierarchical.ThrowableCollector.execute(Lorg/junit/platform/engine/support/hierarchical/ThrowableCollector$Executable;)V+1
j  org.junit.platform.engine.support.hierarchical.NodeTestTask.lambda$executeRecursively$7(Lorg/junit/platform/engine/support/hierarchical/EngineExecutionContext;)V+15
j  org.junit.platform.engine.support.hierarchical.NodeTestTask$$Lambda$176.invoke(Lorg/junit/platform/engine/support/hierarchical/EngineExecutionContext;)V+5
j  org.junit.platform.engine.support.hierarchical.Node.around(Lorg/junit/platform/engine/support/hierarchical/EngineExecutionContext;Lorg/junit/platform/engine/support/hierarchical/Node$Invocation;)V+2
j  org.junit.platform.engine.support.hierarchical.NodeTestTask.lambda$executeRecursively$8()V+14
j  org.junit.platform.engine.support.hierarchical.NodeTestTask$$Lambda$175.execute()V+4
j  org.junit.platform.engine.support.hierarchical.ThrowableCollector.execute(Lorg/junit/platform/engine/support/hierarchical/ThrowableCollector$Executable;)V+1
j  org.junit.platform.engine.support.hierarchical.NodeTestTask.executeRecursively()V+31
j  org.junit.platform.engine.support.hierarchical.NodeTestTask.execute()V+55
j  org.junit.platform.engine.support.hierarchical.SameThreadHierarchicalTestExecutorService$$Lambda$181.accept(Ljava/lang/Object;)V+4
j  java.util.ArrayList.forEach(Ljava/util/function/Consumer;)V+47
j  org.junit.platform.engine.support.hierarchical.SameThreadHierarchicalTestExecutorService.invokeAll(Ljava/util/List;)V+6
j  org.junit.platform.engine.support.hierarchical.NodeTestTask.lambda$executeRecursively$5()V+116
j  org.junit.platform.engine.support.hierarchical.NodeTestTask$$Lambda$177.execute()V+4
j  org.junit.platform.engine.support.hierarchical.ThrowableCollector.execute(Lorg/junit/platform/engine/support/hierarchical/ThrowableCollector$Executable;)V+1
j  org.junit.platform.engine.support.hierarchical.NodeTestTask.lambda$executeRecursively$7(Lorg/junit/platform/engine/support/hierarchical/EngineExecutionContext;)V+15
j  org.junit.platform.engine.support.hierarchical.NodeTestTask$$Lambda$176.invoke(Lorg/junit/platform/engine/support/hierarchical/EngineExecutionContext;)V+5
j  org.junit.platform.engine.support.hierarchical.Node.around(Lorg/junit/platform/engine/support/hierarchical/EngineExecutionContext;Lorg/junit/platform/engine/support/hierarchical/Node$Invocation;)V+2
j  org.junit.platform.engine.support.hierarchical.NodeTestTask.lambda$executeRecursively$8()V+14
j  org.junit.platform.engine.support.hierarchical.NodeTestTask$$Lambda$175.execute()V+4
j  org.junit.platform.engine.support.hierarchical.ThrowableCollector.execute(Lorg/junit/platform/engine/support/hierarchical/ThrowableCollector$Executable;)V+1
j  org.junit.platform.engine.support.hierarchical.NodeTestTask.executeRecursively()V+31
j  org.junit.platform.engine.support.hierarchical.NodeTestTask.execute()V+55
j  org.junit.platform.engine.support.hierarchical.SameThreadHierarchicalTestExecutorService$$Lambda$181.accept(Ljava/lang/Object;)V+4
j  java.util.ArrayList.forEach(Ljava/util/function/Consumer;)V+47
j  org.junit.platform.engine.support.hierarchical.SameThreadHierarchicalTestExecutorService.invokeAll(Ljava/util/List;)V+6
j  org.junit.platform.engine.support.hierarchical.NodeTestTask.lambda$executeRecursively$5()V+116
j  org.junit.platform.engine.support.hierarchical.NodeTestTask$$Lambda$177.execute()V+4
j  org.junit.platform.engine.support.hierarchical.ThrowableCollector.execute(Lorg/junit/platform/engine/support/hierarchical/ThrowableCollector$Executable;)V+1
j  org.junit.platform.engine.support.hierarchical.NodeTestTask.lambda$executeRecursively$7(Lorg/junit/platform/engine/support/hierarchical/EngineExecutionContext;)V+15
j  org.junit.platform.engine.support.hierarchical.NodeTestTask$$Lambda$176.invoke(Lorg/junit/platform/engine/support/hierarchical/EngineExecutionContext;)V+5
j  org.junit.platform.engine.support.hierarchical.Node.around(Lorg/junit/platform/engine/support/hierarchical/EngineExecutionContext;Lorg/junit/platform/engine/support/hierarchical/Node$Invocation;)V+2
j  org.junit.platform.engine.support.hierarchical.NodeTestTask.lambda$executeRecursively$8()V+14
j  org.junit.platform.engine.support.hierarchical.NodeTestTask$$Lambda$175.execute()V+4
j  org.junit.platform.engine.support.hierarchical.ThrowableCollector.execute(Lorg/junit/platform/engine/support/hierarchical/ThrowableCollector$Executable;)V+1
j  org.junit.platform.engine.support.hierarchical.NodeTestTask.executeRecursively()V+31
j  org.junit.platform.engine.support.hierarchical.NodeTestTask.execute()V+55
j  org.junit.platform.engine.support.hierarchical.SameThreadHierarchicalTestExecutorService.submit(Lorg/junit/platform/engine/support/hierarchical/HierarchicalTestExecutorService$TestTask;)Ljava/util/concurrent/Future;+1
j  org.junit.platform.engine.support.hierarchical.HierarchicalTestExecutor.execute()Ljava/util/concurrent/Future;+74
j  org.junit.platform.engine.support.hierarchical.HierarchicalTestEngine.execute(Lorg/junit/platform/engine/ExecutionRequest;)V+31
j  org.junit.platform.launcher.core.DefaultLauncher.execute(Lorg/junit/platform/engine/TestEngine;Lorg/junit/platform/engine/ExecutionRequest;)V+2
j  org.junit.platform.launcher.core.DefaultLauncher.lambda$execute$6(Lorg/junit/platform/launcher/core/InternalTestPlan;Lorg/junit/platform/launcher/core/Root;Lorg/junit/platform/engine/ConfigurationParameters;Lorg/junit/platform/launcher/TestExecutionListener;)V+76
j  org.junit.platform.launcher.core.DefaultLauncher$$Lambda$135.accept(Ljava/lang/Object;)V+20
j  org.junit.platform.launcher.core.DefaultLauncher.withInterceptedStreams(Lorg/junit/platform/engine/ConfigurationParameters;Lorg/junit/platform/launcher/core/TestExecutionListenerRegistry;Ljava/util/function/Consumer;)V+43
j  org.junit.platform.launcher.core.DefaultLauncher.execute(Lorg/junit/platform/launcher/core/InternalTestPlan;[Lorg/junit/platform/launcher/TestExecutionListener;)V+33
j  org.junit.platform.launcher.core.DefaultLauncher.execute(Lorg/junit/platform/launcher/LauncherDiscoveryRequest;[Lorg/junit/platform/launcher/TestExecutionListener;)V+33
j  com.intellij.junit5.JUnit5IdeaTestRunner.startRunnerWithArgs([Ljava/lang/String;Ljava/lang/String;IZ)I+202
j  com.intellij.rt.junit.IdeaTestRunner$Repeater.startRunnerWithArgs(Lcom/intellij/rt/junit/IdeaTestRunner;[Ljava/lang/String;Ljava/util/ArrayList;Ljava/lang/String;IZ)I+22
j  com.intellij.rt.junit.JUnitStarter.prepareStreamsAndStart([Ljava/lang/String;Ljava/lang/String;Ljava/util/ArrayList;Ljava/lang/String;)I+116
j  com.intellij.rt.junit.JUnitStarter.main([Ljava/lang/String;)V+116
v  ~StubRoutines::call_stub

---------------  P R O C E S S  ---------------

Java Threads: ( => current thread )
  0x000000001dec4800 JavaThread "Service Thread" daemon [_thread_blocked, id=13332, stack(0x000000001f920000,0x000000001fa20000)]
  0x000000001de32000 JavaThread "C1 CompilerThread3" daemon [_thread_blocked, id=23816, stack(0x000000001f820000,0x000000001f920000)]
  0x000000001de31800 JavaThread "C2 CompilerThread2" daemon [_thread_blocked, id=22620, stack(0x000000001f720000,0x000000001f820000)]
  0x000000001de30000 JavaThread "C2 CompilerThread1" daemon [_thread_blocked, id=23172, stack(0x000000001f620000,0x000000001f720000)]
  0x000000001de2b000 JavaThread "C2 CompilerThread0" daemon [_thread_blocked, id=14112, stack(0x000000001f520000,0x000000001f620000)]
  0x000000001de23000 JavaThread "Monitor Ctrl-Break" daemon [_thread_in_native, id=14452, stack(0x000000001f420000,0x000000001f520000)]
  0x000000001ddd0000 JavaThread "Attach Listener" daemon [_thread_blocked, id=5636, stack(0x000000001f320000,0x000000001f420000)]
  0x000000001ddc9000 JavaThread "Signal Dispatcher" daemon [_thread_blocked, id=3560, stack(0x000000001f220000,0x000000001f320000)]
  0x0000000002b7c000 JavaThread "Finalizer" daemon [_thread_blocked, id=18012, stack(0x000000001f020000,0x000000001f120000)]
  0x000000001ddb3000 JavaThread "Reference Handler" daemon [_thread_blocked, id=8568, stack(0x000000001ef20000,0x000000001f020000)]
=>0x0000000002a84800 JavaThread "main" [_thread_in_native, id=20124, stack(0x0000000002710000,0x0000000002810000)]

Other Threads:
  0x000000001dd92800 VMThread [stack: 0x000000001ee20000,0x000000001ef20000] [id=14748]
  0x000000001deec000 WatcherThread [stack: 0x000000001fa20000,0x000000001fb20000] [id=25636]

VM state:not at safepoint (normal execution)

VM Mutex/Monitor currently owned by a thread: None

heap address: 0x00000006c3000000, size: 4048 MB, Compressed Oops mode: Zero based, Oop shift amount: 3
Narrow klass base: 0x0000000000000000, Narrow klass shift: 3
Compressed class space size: 1073741824 Address: 0x00000007c0000000

Heap:
 PSYoungGen      total 75776K, used 17875K [0x000000076bb00000, 0x0000000770f80000, 0x00000007c0000000)
  eden space 65024K, 16% used [0x000000076bb00000,0x000000076c597b68,0x000000076fa80000)
  from space 10752K, 65% used [0x000000076fa80000,0x000000077015d208,0x0000000770500000)
  to   space 10752K, 0% used [0x0000000770500000,0x0000000770500000,0x0000000770f80000)
 ParOldGen       total 173568K, used 16K [0x00000006c3000000, 0x00000006cd980000, 0x000000076bb00000)
  object space 173568K, 0% used [0x00000006c3000000,0x00000006c3004000,0x00000006cd980000)
 Metaspace       used 13299K, capacity 14120K, committed 14464K, reserved 1060864K
  class space    used 1908K, capacity 2081K, committed 2176K, reserved 1048576K

Card table byte_map: [0x0000000011f40000,0x0000000012730000] byte_map_base: 0x000000000e928000

Marking Bits: (ParMarkBitMap*) 0x0000000054aa4ce0
 Begin Bits: [0x0000000013680000, 0x00000000175c0000)
 End Bits:   [0x00000000175c0000, 0x000000001b500000)

Polling page: 0x0000000000940000

CodeCache: size=245760Kb used=4044Kb max_used=4055Kb free=241715Kb
 bounds [0x0000000002b80000, 0x0000000002f80000, 0x0000000011b80000]
 total_blobs=1655 nmethods=1092 adapters=475
 compilation: enabled

Compilation events (10 events):
Event: 0.777 Thread 0x000000001de32000 1088       3       net.bytebuddy.jar.asm.ByteVector::putUTF8 (144 bytes)
Event: 0.778 Thread 0x000000001de32000 nmethod 1088 0x0000000002f6bc10 code [0x0000000002f6be00, 0x0000000002f6c698]
Event: 0.778 Thread 0x000000001de32000 1090       3       net.bytebuddy.implementation.bytecode.StackManipulation$Size::<init> (15 bytes)
Event: 0.778 Thread 0x000000001de32000 nmethod 1090 0x0000000002f6b850 code [0x0000000002f6b9a0, 0x0000000002f6bb50]
Event: 0.778 Thread 0x000000001de32000 1089       3       net.bytebuddy.jar.asm.SymbolTable::hash (10 bytes)
Event: 0.778 Thread 0x000000001de32000 nmethod 1089 0x0000000002f6fb90 code [0x0000000002f6fd00, 0x0000000002f6ff08]
Event: 0.783 Thread 0x000000001de2b000 1091       4       java.util.HashMap::putVal (300 bytes)
Event: 0.783 Thread 0x000000001de32000 1092       3       sun.reflect.ClassFileAssembler::setStack (25 bytes)
Event: 0.783 Thread 0x000000001de32000 nmethod 1092 0x0000000002f6f850 code [0x0000000002f6f9a0, 0x0000000002f6fb30]
Event: 0.787 Thread 0x000000001de2b000 nmethod 1091 0x0000000002f6e9d0 code [0x0000000002f6eb80, 0x0000000002f6f288]

GC Heap History (2 events):
Event: 0.713 GC heap before
{Heap before GC invocations=1 (full 0):
 PSYoungGen      total 75776K, used 65024K [0x000000076bb00000, 0x0000000770f80000, 0x00000007c0000000)
  eden space 65024K, 100% used [0x000000076bb00000,0x000000076fa80000,0x000000076fa80000)
  from space 10752K, 0% used [0x0000000770500000,0x0000000770500000,0x0000000770f80000)
  to   space 10752K, 0% used [0x000000076fa80000,0x000000076fa80000,0x0000000770500000)
 ParOldGen       total 173568K, used 0K [0x00000006c3000000, 0x00000006cd980000, 0x000000076bb00000)
  object space 173568K, 0% used [0x00000006c3000000,0x00000006c3000000,0x00000006cd980000)
 Metaspace       used 12286K, capacity 13110K, committed 13184K, reserved 1060864K
  class space    used 1721K, capacity 1918K, committed 1920K, reserved 1048576K
Event: 0.718 GC heap after
Heap after GC invocations=1 (full 0):
 PSYoungGen      total 75776K, used 7028K [0x000000076bb00000, 0x0000000770f80000, 0x00000007c0000000)
  eden space 65024K, 0% used [0x000000076bb00000,0x000000076bb00000,0x000000076fa80000)
  from space 10752K, 65% used [0x000000076fa80000,0x000000077015d208,0x0000000770500000)
  to   space 10752K, 0% used [0x0000000770500000,0x0000000770500000,0x0000000770f80000)
 ParOldGen       total 173568K, used 16K [0x00000006c3000000, 0x00000006cd980000, 0x000000076bb00000)
  object space 173568K, 0% used [0x00000006c3000000,0x00000006c3004000,0x00000006cd980000)
 Metaspace       used 12286K, capacity 13110K, committed 13184K, reserved 1060864K
  class space    used 1721K, capacity 1918K, committed 1920K, reserved 1048576K
}

Deoptimization events (5 events):
Event: 0.354 Thread 0x0000000002a84800 Uncommon trap: reason=unstable_if action=reinterpret pc=0x0000000002dbf988 method=sun.misc.MetaIndex.mayContain(Ljava/lang/String;)Z @ 38
Event: 0.398 Thread 0x0000000002a84800 Uncommon trap: reason=unstable_if action=reinterpret pc=0x0000000002ca6800 method=java.lang.CharacterData.of(I)Ljava/lang/CharacterData; @ 4
Event: 0.413 Thread 0x0000000002a84800 Uncommon trap: reason=null_check action=make_not_entrant pc=0x0000000002d15c10 method=java.lang.String.equals(Ljava/lang/Object;)Z @ 8
Event: 0.434 Thread 0x0000000002a84800 Uncommon trap: reason=unstable_if action=reinterpret pc=0x0000000002eb6294 method=java.io.WinNTFileSystem.normalize(Ljava/lang/String;)Ljava/lang/String; @ 49
Event: 0.674 Thread 0x0000000002a84800 Uncommon trap: reason=range_check action=make_not_entrant pc=0x0000000002d58868 method=sun.reflect.generics.parser.SignatureParser.current()C @ 34

Classes redefined (0 events):
No events

Internal exceptions (10 events):
Event: 0.320 Thread 0x0000000002a84800 Exception <a 'java/lang/NoSuchMethodError': java.lang.Object.containsTests(Lorg/junit/platform/engine/TestDescriptor;)Z> (0x000000076ce279a8) thrown at [C:\re\workspace\8-2-build-windows-amd64-cygwin\jdk8u201\12322\hotspot\src\share\vm\interpreter\linkRes
Event: 0.328 Thread 0x0000000002a84800 Exception <a 'java/lang/IncompatibleClassChangeError': Found class java.lang.Object, but interface was expected> (0x000000076ceca8a0) thrown at [C:\re\workspace\8-2-build-windows-amd64-cygwin\jdk8u201\12322\hotspot\src\share\vm\interpreter\linkResolver.cp
Event: 0.340 Thread 0x0000000002a84800 Exception <a 'java/lang/NoSuchMethodError': java.lang.Object.lambda$comparing$77a9974f$1(Ljava/util/function/Function;Ljava/lang/Object;Ljava/lang/Object;)I> (0x000000076d016860) thrown at [C:\re\workspace\8-2-build-windows-amd64-cygwin\jdk8u201\12322\hot
Event: 0.345 Thread 0x0000000002a84800 Exception <a 'java/lang/NoSuchMethodError': java.lang.Object.lambda$thenComparing$36697e65$1(Ljava/util/Comparator;Ljava/lang/Object;Ljava/lang/Object;)I> (0x000000076d0359a0) thrown at [C:\re\workspace\8-2-build-windows-amd64-cygwin\jdk8u201\12322\hotspo
Event: 0.370 Thread 0x0000000002a84800 Exception <a 'java/lang/NoSuchMethodError': java.lang.Object.lambda$and$0(Ljava/util/function/Predicate;Ljava/lang/Object;)Z> (0x000000076d3005d8) thrown at [C:\re\workspace\8-2-build-windows-amd64-cygwin\jdk8u201\12322\hotspot\src\share\vm\interpreter\li
Event: 0.386 Thread 0x0000000002a84800 Exception <a 'java/lang/IncompatibleClassChangeError': Found class java.lang.Object, but interface was expected> (0x000000076d442f18) thrown at [C:\re\workspace\8-2-build-windows-amd64-cygwin\jdk8u201\12322\hotspot\src\share\vm\interpreter\linkResolver.cp
Event: 0.413 Thread 0x0000000002a84800 Implicit null exception at 0x0000000002d15a22 to 0x0000000002d15c01
Event: 0.674 Thread 0x0000000002a84800 Exception <a 'java/lang/ArrayIndexOutOfBoundsException': 18> (0x000000076f406798) thrown at [C:\re\workspace\8-2-build-windows-amd64-cygwin\jdk8u201\12322\hotspot\src\share\vm\interpreter\interpreterRuntime.cpp, line 368]
Event: 0.681 Thread 0x0000000002a84800 Exception <a 'java/lang/ArrayIndexOutOfBoundsException': 22> (0x000000076f4f6f28) thrown at [C:\re\workspace\8-2-build-windows-amd64-cygwin\jdk8u201\12322\hotspot\src\share\vm\interpreter\interpreterRuntime.cpp, line 368]
Event: 0.681 Thread 0x0000000002a84800 Exception <a 'java/lang/ArrayIndexOutOfBoundsException': 160> (0x000000076f4fbcd0) thrown at [C:\re\workspace\8-2-build-windows-amd64-cygwin\jdk8u201\12322\hotspot\src\share\vm\interpreter\interpreterRuntime.cpp, line 368]

Events (10 events):
Event: 0.794 loading class com/badlogic/gdx/physics/bullet/collision/CollisionObjectWrapper
Event: 0.794 loading class com/badlogic/gdx/physics/bullet/collision/CollisionObjectWrapper done
Event: 0.794 loading class com/badlogic/gdx/utils/LongMap
Event: 0.794 loading class com/badlogic/gdx/utils/LongMap done
Event: 0.795 loading class java/lang/StrictMath
Event: 0.795 loading class java/lang/StrictMath done
Event: 0.795 loading class com/badlogic/gdx/math/MathUtils
Event: 0.795 loading class com/badlogic/gdx/math/MathUtils done
Event: 0.796 loading class com/badlogic/gdx/math/RandomXS128
Event: 0.796 loading class com/badlogic/gdx/math/RandomXS128 done


Dynamic libraries:
0x00007ff7831c0000 - 0x00007ff7831f7000 	C:\Program Files\Java\jdk1.8.0_201\bin\java.exe
0x00007ffa63700000 - 0x00007ffa638f0000 	C:\WINDOWS\SYSTEM32\ntdll.dll
0x00007ffa62210000 - 0x00007ffa622c2000 	C:\WINDOWS\System32\KERNEL32.DLL
0x00007ffa61130000 - 0x00007ffa613d3000 	C:\WINDOWS\System32\KERNELBASE.dll
0x00007ffa62cc0000 - 0x00007ffa62d63000 	C:\WINDOWS\System32\ADVAPI32.dll
0x00007ffa62d70000 - 0x00007ffa62e0e000 	C:\WINDOWS\System32\msvcrt.dll
0x00007ffa62b50000 - 0x00007ffa62be7000 	C:\WINDOWS\System32\sechost.dll
0x00007ffa62e10000 - 0x00007ffa62f30000 	C:\WINDOWS\System32\RPCRT4.dll
0x00007ffa623b0000 - 0x00007ffa62544000 	C:\WINDOWS\System32\USER32.dll
0x00007ffa61720000 - 0x00007ffa61741000 	C:\WINDOWS\System32\win32u.dll
0x00007ffa635c0000 - 0x00007ffa635e6000 	C:\WINDOWS\System32\GDI32.dll
0x00007ffa60ec0000 - 0x00007ffa61054000 	C:\WINDOWS\System32\gdi32full.dll
0x00007ffa613e0000 - 0x00007ffa6147e000 	C:\WINDOWS\System32\msvcp_win.dll
0x00007ffa61480000 - 0x00007ffa6157a000 	C:\WINDOWS\System32\ucrtbase.dll
0x00007ffa51010000 - 0x00007ffa51295000 	C:\WINDOWS\WinSxS\amd64_microsoft.windows.common-controls_6595b64144ccf1df_6.0.18362.476_none_e6c4b11b130f2595\COMCTL32.dll
0x00007ffa63130000 - 0x00007ffa63466000 	C:\WINDOWS\System32\combase.dll
0x00007ffa610b0000 - 0x00007ffa61130000 	C:\WINDOWS\System32\bcryptPrimitives.dll
0x00007ffa63090000 - 0x00007ffa630be000 	C:\WINDOWS\System32\IMM32.DLL
0x0000000054b30000 - 0x0000000054c01000 	C:\Program Files\Java\jdk1.8.0_201\jre\bin\msvcr100.dll
0x0000000054280000 - 0x0000000054b24000 	C:\Program Files\Java\jdk1.8.0_201\jre\bin\server\jvm.dll
0x00007ffa62a20000 - 0x00007ffa62a28000 	C:\WINDOWS\System32\PSAPI.DLL
0x00007ffa3d8e0000 - 0x00007ffa3d8e9000 	C:\WINDOWS\SYSTEM32\WSOCK32.dll
0x00007ffa5bb10000 - 0x00007ffa5bb34000 	C:\WINDOWS\SYSTEM32\WINMM.dll
0x00007ffa5f6e0000 - 0x00007ffa5f6ea000 	C:\WINDOWS\SYSTEM32\VERSION.dll
0x00007ffa621a0000 - 0x00007ffa6220f000 	C:\WINDOWS\System32\WS2_32.dll
0x00007ffa5bae0000 - 0x00007ffa5bb0d000 	C:\WINDOWS\SYSTEM32\winmmbase.dll
0x00007ffa61060000 - 0x00007ffa610aa000 	C:\WINDOWS\System32\cfgmgr32.dll
0x00007ffa5da50000 - 0x00007ffa5da5f000 	C:\Program Files\Java\jdk1.8.0_201\jre\bin\verify.dll
0x00007ffa587c0000 - 0x00007ffa587e9000 	C:\Program Files\Java\jdk1.8.0_201\jre\bin\java.dll
0x00007ffa45300000 - 0x00007ffa45323000 	C:\Program Files\Java\jdk1.8.0_201\jre\bin\instrument.dll
0x00007ffa5a4d0000 - 0x00007ffa5a4e6000 	C:\Program Files\Java\jdk1.8.0_201\jre\bin\zip.dll
0x00007ffa61aa0000 - 0x00007ffa62185000 	C:\WINDOWS\System32\SHELL32.dll
0x00007ffa635f0000 - 0x00007ffa63699000 	C:\WINDOWS\System32\shcore.dll
0x00007ffa60690000 - 0x00007ffa60e0e000 	C:\WINDOWS\System32\windows.storage.dll
0x00007ffa60600000 - 0x00007ffa6061f000 	C:\WINDOWS\System32\profapi.dll
0x00007ffa60620000 - 0x00007ffa6066a000 	C:\WINDOWS\System32\powrprof.dll
0x00007ffa605d0000 - 0x00007ffa605e0000 	C:\WINDOWS\System32\UMPDC.dll
0x00007ffa630c0000 - 0x00007ffa63112000 	C:\WINDOWS\System32\shlwapi.dll
0x00007ffa605e0000 - 0x00007ffa605f1000 	C:\WINDOWS\System32\kernel.appcore.dll
0x00007ffa61700000 - 0x00007ffa61717000 	C:\WINDOWS\System32\cryptsp.dll
0x00007ffa45730000 - 0x00007ffa4574a000 	C:\Program Files\JetBrains\IntelliJ IDEA Community Edition 2018.3.4\bin\breakgen64.dll
0x00007ffa59de0000 - 0x00007ffa59dfa000 	C:\Program Files\Java\jdk1.8.0_201\jre\bin\net.dll
0x00007ffa51c10000 - 0x00007ffa51de6000 	C:\WINDOWS\SYSTEM32\urlmon.dll
0x00007ffa51960000 - 0x00007ffa51c06000 	C:\WINDOWS\SYSTEM32\iertutil.dll
0x00007ffa60010000 - 0x00007ffa6001c000 	C:\WINDOWS\SYSTEM32\CRYPTBASE.DLL
0x00007ffa5fe40000 - 0x00007ffa5fea7000 	C:\WINDOWS\system32\mswsock.dll
0x0000000067cc0000 - 0x00000000681b3000 	C:\Users\lh_wi\AppData\Local\Temp\libgdxlh_wi\94dd86da\gdx-bullet64.dll
0x00007ffa5e160000 - 0x00007ffa5e354000 	C:\WINDOWS\SYSTEM32\dbghelp.dll

VM Arguments:
jvm_args: -ea -Didea.test.cyclic.buffer.size=1048576 -javaagent:C:\Program Files\JetBrains\IntelliJ IDEA Community Edition 2018.3.4\lib\idea_rt.jar=57301:C:\Program Files\JetBrains\IntelliJ IDEA Community Edition 2018.3.4\bin -Dfile.encoding=UTF-8 
java_command: com.intellij.rt.junit.JUnitStarter -ideVersion5 -junit5 com.sem.pool.scene.CollisionHandlerTest
java_class_path (initial): C:\Program Files\JetBrains\IntelliJ IDEA Community Edition 2018.3.4\lib\idea_rt.jar;C:\Program Files\JetBrains\IntelliJ IDEA Community Edition 2018.3.4\plugins\junit\lib\junit5-rt.jar;C:\Program Files\JetBrains\IntelliJ IDEA Community Edition 2018.3.4\plugins\junit\lib\junit-rt.jar;C:\Program Files\Java\jdk1.8.0_201\jre\lib\charsets.jar;C:\Program Files\Java\jdk1.8.0_201\jre\lib\deploy.jar;C:\Program Files\Java\jdk1.8.0_201\jre\lib\ext\access-bridge-64.jar;C:\Program Files\Java\jdk1.8.0_201\jre\lib\ext\cldrdata.jar;C:\Program Files\Java\jdk1.8.0_201\jre\lib\ext\dnsns.jar;C:\Program Files\Java\jdk1.8.0_201\jre\lib\ext\jaccess.jar;C:\Program Files\Java\jdk1.8.0_201\jre\lib\ext\jfxrt.jar;C:\Program Files\Java\jdk1.8.0_201\jre\lib\ext\localedata.jar;C:\Program Files\Java\jdk1.8.0_201\jre\lib\ext\nashorn.jar;C:\Program Files\Java\jdk1.8.0_201\jre\lib\ext\sunec.jar;C:\Program Files\Java\jdk1.8.0_201\jre\lib\ext\sunjce_provider.jar;C:\Program Files\Java\jdk1.8.0_201\jre\lib\ext\sunmscapi.jar;C:\Program Files\Java\jdk1.8.0_201\jre\lib\ext\sunpkcs11.jar;C:\Program Files\Java\jdk1.8.0_201\jre\lib\ext\zipfs.jar;C:\Program Files\Java\jdk1.8.0_201\jre\lib\javaws.jar;C:\Program Files\Java\jdk1.8.0_201\jre\lib\jce.jar;C:\Program Files\Java\jdk1.8.0_201\jre\lib\jfr.jar;C:\Program Files\Java\jdk1.8.0_201\jre\lib\jfxswt.jar;C:\Program Files\Java\jdk1.8.0_201\jre\lib\jsse.jar;C:\Program Files\Java\jdk1.8.0_201\jre\lib\management-agent.jar;C:\Program Files\Java\jdk1.8.0_201\jre\lib\plugin.jar;C:\Program Files\Java\jdk1.8.0_201\jre\lib\resources.jar;C:\Program Files\Java\jdk1.8.0_201\jre\lib\rt.jar;C:\Users\lh_wi\OneDrive\Bureaublad\CSE\Year 2\Software Engineering Methods\Project\core\build\classes\java\test;C:\Users\lh_wi\OneDrive\Bureaublad\CSE\Year 2\Software Engineering Methods\Project\core\build\classes\java\main;C:\Users\lh_wi\.gradle\caches\modules-2\files-2.1\com.badlogicgames.box2dlights\box2dlights\1.4\3d77ad5b4164fb32fc67e2446e35911bb0aaf0bd\box2d
Launcher Type: SUN_STANDARD

Environment Variables:
PATH=C:\Program Files (x86)\Common Files\Oracle\Java\javapath;C:\Program Files (x86)\NVIDIA Corporation\PhysX\Common;C:\WINDOWS\system32;C:\WINDOWS;C:\WINDOWS\System32\Wbem;C:\WINDOWS\System32\WindowsPowerShell\v1.0\;C:\WINDOWS\System32\OpenSSH\;C:\Program Files\nodejs\;C:\Program Files\Git\cmd;C:\Program Files\Intel\WiFi\bin\;C:\Program Files\Common Files\Intel\WirelessCommon\;C:\Gradle\gradle-5.4\bin;C:\Program Files (x86)\Intel\Intel(R) Management Engine Components\DAL;C:\Program Files\Intel\Intel(R) Management Engine Components\DAL;C:\TDM-GCC-64\bin;C:\Users\lh_wi\AppData\Local\Microsoft\WindowsApps;;C:\Users\lh_wi\AppData\Local\Programs\Microsoft VS Code\bin;C:\Users\lh_wi\AppData\Roaming\npm;C:\Program Files\heroku\bin
USERNAME=lh_wi
OS=Windows_NT
PROCESSOR_IDENTIFIER=Intel64 Family 6 Model 158 Stepping 10, GenuineIntel



---------------  S Y S T E M  ---------------

OS: Windows 10.0 , 64 bit Build 18362 (10.0.18362.329)

CPU:total 12 (initial active 12) (6 cores per cpu, 2 threads per core) family 6 model 158 stepping 10, cmov, cx8, fxsr, mmx, sse, sse2, sse3, ssse3, sse4.1, sse4.2, popcnt, avx, avx2, aes, clmul, erms, 3dnowpref, lzcnt, ht, tsc, tscinvbit, bmi1, bmi2, adx

Memory: 4k page, physical 16579100k(8053516k free), swap 23941308k(9547752k free)

vm_info: Java HotSpot(TM) 64-Bit Server VM (25.201-b09) for windows-amd64 JRE (1.8.0_201-b09), built on Dec 15 2018 18:36:39 by "java_re" with MS VC++ 10.0 (VS2010)

time: Wed Dec 04 20:06:41 2019
timezone: W. Europe Standard Time
elapsed time: 0 seconds (0d 0h 0m 0s)

